<?xml version="1.0" encoding="UTF-8"?>
<coverage generated="1772084400223" clover="3.2.0">
  <project timestamp="1772084400223" name="All files">
    <metrics statements="64" coveredstatements="63" conditionals="58" coveredconditionals="46" methods="18" coveredmethods="18" elements="140" coveredelements="127" complexity="0" loc="64" ncloc="64" packages="1" files="1" classes="1"/>
    <file name="LessonPlayer.tsx" path="C:\Users\priyansh.kayashtha\Desktop\Internship\Project\Education-Platform-Microservices\frontend\src\pages\LessonPlayer.tsx">
      <metrics statements="64" coveredstatements="63" conditionals="58" coveredconditionals="46" methods="18" coveredmethods="18"/>
      <line num="26" count="39" type="stmt"/>
      <line num="27" count="39" type="stmt"/>
      <line num="29" count="39" type="stmt"/>
      <line num="30" count="39" type="stmt"/>
      <line num="31" count="39" type="stmt"/>
      <line num="33" count="39" type="stmt"/>
      <line num="34" count="39" type="stmt"/>
      <line num="35" count="39" type="stmt"/>
      <line num="38" count="39" type="stmt"/>
      <line num="39" count="39" type="stmt"/>
      <line num="40" count="39" type="stmt"/>
      <line num="45" count="39" type="stmt"/>
      <line num="46" count="20" type="stmt"/>
      <line num="47" count="20" type="stmt"/>
      <line num="48" count="20" type="stmt"/>
      <line num="50" count="18" type="stmt"/>
      <line num="52" count="18" type="stmt"/>
      <line num="53" count="22" type="stmt"/>
      <line num="55" count="18" type="cond" truecount="2" falsecount="0"/>
      <line num="57" count="1" type="stmt"/>
      <line num="59" count="19" type="stmt"/>
      <line num="63" count="20" type="cond" truecount="3" falsecount="1"/>
      <line num="69" count="39" type="stmt"/>
      <line num="70" count="8" type="cond" truecount="4" falsecount="1"/>
      <line num="72" count="8" type="cond" truecount="1" falsecount="1"/>
      <line num="73" count="0" type="stmt"/>
      <line num="76" count="8" type="stmt"/>
      <line num="77" count="2" type="stmt"/>
      <line num="78" count="2" type="stmt"/>
      <line num="79" count="2" type="cond" truecount="1" falsecount="1"/>
      <line num="81" count="2" type="cond" truecount="1" falsecount="1"/>
      <line num="83" count="2" type="cond" truecount="1" falsecount="1"/>
      <line num="84" count="2" type="stmt"/>
      <line num="86" count="2" type="stmt"/>
      <line num="97" count="39" type="stmt"/>
      <line num="98" count="20" type="stmt"/>
      <line num="99" count="20" type="cond" truecount="2" falsecount="0"/>
      <line num="100" count="8" type="stmt"/>
      <line num="108" count="39" type="cond" truecount="2" falsecount="0"/>
      <line num="109" count="19" type="cond" truecount="2" falsecount="0"/>
      <line num="114" count="17" type="stmt"/>
      <line num="134" count="8" type="stmt"/>
      <line num="135" count="8" type="stmt"/>
      <line num="138" count="1" type="cond" truecount="1" falsecount="1"/>
      <line num="140" count="1" type="stmt"/>
      <line num="159" count="3" type="cond" truecount="3" falsecount="1"/>
      <line num="161" count="3" type="stmt"/>
      <line num="162" count="3" type="stmt"/>
      <line num="163" count="3" type="cond" truecount="2" falsecount="0"/>
      <line num="165" count="3" type="cond" truecount="2" falsecount="0"/>
      <line num="167" count="1" type="cond" truecount="1" falsecount="1"/>
      <line num="168" count="1" type="stmt"/>
      <line num="170" count="1" type="stmt"/>
      <line num="180" count="1" type="stmt"/>
      <line num="213" count="2" type="stmt"/>
      <line num="214" count="2" type="stmt"/>
      <line num="220" count="1" type="stmt"/>
      <line num="222" count="1" type="stmt"/>
      <line num="237" count="1" type="cond" truecount="1" falsecount="1"/>
      <line num="238" count="1" type="stmt"/>
      <line num="248" count="1" type="cond" truecount="1" falsecount="1"/>
      <line num="249" count="1" type="stmt"/>
      <line num="263" count="30" type="stmt"/>
      <line num="269" count="1" type="stmt"/>
    </file>
  </project>
</coverage>
