{"C:\\Users\\priyansh.kayashtha\\Desktop\\Internship\\Project\\Education-Platform-Microservices\\frontend\\src\\pages\\LessonPlayer.tsx": {"path":"C:\\Users\\priyansh.kayashtha\\Desktop\\Internship\\Project\\Education-Platform-Microservices\\frontend\\src\\pages\\LessonPlayer.tsx","statementMap":{"0":{"start":{"line":26,"column":29},"end":{"line":26,"column":null}},"1":{"start":{"line":27,"column":8},"end":{"line":27,"column":null}},"2":{"start":{"line":29,"column":8},"end":{"line":29,"column":null}},"3":{"start":{"line":30,"column":8},"end":{"line":30,"column":null}},"4":{"start":{"line":31,"column":8},"end":{"line":31,"column":null}},"5":{"start":{"line":33,"column":26},"end":{"line":33,"column":null}},"6":{"start":{"line":34,"column":34},"end":{"line":34,"column":null}},"7":{"start":{"line":35,"column":28},"end":{"line":35,"column":null}},"8":{"start":{"line":38,"column":23},"end":{"line":38,"column":null}},"9":{"start":{"line":38,"column":51},"end":{"line":38,"column":69}},"10":{"start":{"line":39,"column":22},"end":{"line":39,"column":null}},"11":{"start":{"line":40,"column":18},"end":{"line":40,"column":null}},"12":{"start":{"line":45,"column":2},"end":{"line":64,"column":null}},"13":{"start":{"line":46,"column":23},"end":{"line":61,"column":null}},"14":{"start":{"line":47,"column":6},"end":{"line":60,"column":null}},"15":{"start":{"line":48,"column":23},"end":{"line":48,"column":null}},"16":{"start":{"line":50,"column":8},"end":{"line":50,"column":null}},"17":{"start":{"line":52,"column":22},"end":{"line":54,"column":null}},"18":{"start":{"line":53,"column":25},"end":{"line":53,"column":null}},"19":{"start":{"line":55,"column":8},"end":{"line":55,"column":null}},"20":{"start":{"line":57,"column":8},"end":{"line":57,"column":null}},"21":{"start":{"line":59,"column":8},"end":{"line":59,"column":null}},"22":{"start":{"line":63,"column":4},"end":{"line":63,"column":null}},"23":{"start":{"line":63,"column":30},"end":{"line":63,"column":null}},"24":{"start":{"line":69,"column":31},"end":{"line":95,"column":null}},"25":{"start":{"line":70,"column":4},"end":{"line":70,"column":null}},"26":{"start":{"line":70,"column":56},"end":{"line":70,"column":null}},"27":{"start":{"line":72,"column":4},"end":{"line":74,"column":null}},"28":{"start":{"line":73,"column":6},"end":{"line":73,"column":null}},"29":{"start":{"line":76,"column":4},"end":{"line":94,"column":null}},"30":{"start":{"line":77,"column":21},"end":{"line":77,"column":null}},"31":{"start":{"line":78,"column":22},"end":{"line":78,"column":null}},"32":{"start":{"line":79,"column":23},"end":{"line":79,"column":null}},"33":{"start":{"line":81,"column":6},"end":{"line":81,"column":null}},"34":{"start":{"line":81,"column":21},"end":{"line":81,"column":null}},"35":{"start":{"line":83,"column":6},"end":{"line":93,"column":null}},"36":{"start":{"line":84,"column":8},"end":{"line":84,"column":null}},"37":{"start":{"line":86,"column":8},"end":{"line":92,"column":null}},"38":{"start":{"line":97,"column":2},"end":{"line":103,"column":null}},"39":{"start":{"line":98,"column":4},"end":{"line":102,"column":null}},"40":{"start":{"line":99,"column":6},"end":{"line":101,"column":null}},"41":{"start":{"line":100,"column":8},"end":{"line":100,"column":null}},"42":{"start":{"line":108,"column":2},"end":{"line":108,"column":null}},"43":{"start":{"line":108,"column":15},"end":{"line":108,"column":null}},"44":{"start":{"line":109,"column":2},"end":{"line":109,"column":null}},"45":{"start":{"line":109,"column":15},"end":{"line":109,"column":null}},"46":{"start":{"line":114,"column":2},"end":{"line":281,"column":null}},"47":{"start":{"line":134,"column":18},"end":{"line":134,"column":null}},"48":{"start":{"line":135,"column":18},"end":{"line":135,"column":null}},"49":{"start":{"line":138,"column":18},"end":{"line":138,"column":null}},"50":{"start":{"line":138,"column":43},"end":{"line":138,"column":null}},"51":{"start":{"line":140,"column":18},"end":{"line":146,"column":null}},"52":{"start":{"line":159,"column":18},"end":{"line":159,"column":null}},"53":{"start":{"line":159,"column":46},"end":{"line":159,"column":null}},"54":{"start":{"line":161,"column":32},"end":{"line":161,"column":null}},"55":{"start":{"line":162,"column":34},"end":{"line":162,"column":null}},"56":{"start":{"line":163,"column":35},"end":{"line":163,"column":null}},"57":{"start":{"line":165,"column":18},"end":{"line":165,"column":null}},"58":{"start":{"line":165,"column":33},"end":{"line":165,"column":null}},"59":{"start":{"line":167,"column":18},"end":{"line":177,"column":null}},"60":{"start":{"line":168,"column":20},"end":{"line":168,"column":null}},"61":{"start":{"line":170,"column":20},"end":{"line":176,"column":null}},"62":{"start":{"line":180,"column":18},"end":{"line":186,"column":null}},"63":{"start":{"line":213,"column":20},"end":{"line":223,"column":null}},"64":{"start":{"line":214,"column":22},"end":{"line":219,"column":null}},"65":{"start":{"line":220,"column":22},"end":{"line":220,"column":null}},"66":{"start":{"line":222,"column":22},"end":{"line":222,"column":null}},"67":{"start":{"line":237,"column":18},"end":{"line":239,"column":null}},"68":{"start":{"line":238,"column":20},"end":{"line":238,"column":null}},"69":{"start":{"line":248,"column":18},"end":{"line":250,"column":null}},"70":{"start":{"line":249,"column":20},"end":{"line":249,"column":null}},"71":{"start":{"line":263,"column":16},"end":{"line":275,"column":null}},"72":{"start":{"line":269,"column":33},"end":{"line":269,"column":null}}},"fnMap":{"0":{"name":"LessonPlayer","decl":{"start":{"line":25,"column":24},"end":{"line":25,"column":39}},"loc":{"start":{"line":25,"column":39},"end":{"line":283,"column":null}},"line":25},"1":{"name":"(anonymous_1)","decl":{"start":{"line":38,"column":44},"end":{"line":38,"column":45}},"loc":{"start":{"line":38,"column":51},"end":{"line":38,"column":69}},"line":38},"2":{"name":"(anonymous_2)","decl":{"start":{"line":45,"column":12},"end":{"line":45,"column":18}},"loc":{"start":{"line":45,"column":18},"end":{"line":64,"column":5}},"line":45},"3":{"name":"(anonymous_3)","decl":{"start":{"line":46,"column":23},"end":{"line":46,"column":35}},"loc":{"start":{"line":46,"column":35},"end":{"line":61,"column":null}},"line":46},"4":{"name":"(anonymous_4)","decl":{"start":{"line":53,"column":10},"end":{"line":53,"column":11}},"loc":{"start":{"line":53,"column":25},"end":{"line":53,"column":null}},"line":53},"5":{"name":"(anonymous_5)","decl":{"start":{"line":69,"column":31},"end":{"line":69,"column":37}},"loc":{"start":{"line":69,"column":37},"end":{"line":95,"column":null}},"line":69},"6":{"name":"(anonymous_6)","decl":{"start":{"line":76,"column":45},"end":{"line":76,"column":51}},"loc":{"start":{"line":76,"column":51},"end":{"line":94,"column":7}},"line":76},"7":{"name":"(anonymous_7)","decl":{"start":{"line":97,"column":12},"end":{"line":97,"column":18}},"loc":{"start":{"line":97,"column":18},"end":{"line":103,"column":5}},"line":97},"8":{"name":"(anonymous_8)","decl":{"start":{"line":98,"column":11},"end":{"line":98,"column":17}},"loc":{"start":{"line":98,"column":17},"end":{"line":102,"column":null}},"line":98},"9":{"name":"(anonymous_9)","decl":{"start":{"line":133,"column":25},"end":{"line":133,"column":26}},"loc":{"start":{"line":133,"column":32},"end":{"line":136,"column":null}},"line":133},"10":{"name":"(anonymous_10)","decl":{"start":{"line":137,"column":23},"end":{"line":137,"column":29}},"loc":{"start":{"line":137,"column":29},"end":{"line":147,"column":null}},"line":137},"11":{"name":"(anonymous_11)","decl":{"start":{"line":158,"column":30},"end":{"line":158,"column":31}},"loc":{"start":{"line":158,"column":37},"end":{"line":178,"column":null}},"line":158},"12":{"name":"(anonymous_12)","decl":{"start":{"line":179,"column":25},"end":{"line":179,"column":31}},"loc":{"start":{"line":179,"column":31},"end":{"line":187,"column":null}},"line":179},"13":{"name":"(anonymous_13)","decl":{"start":{"line":212,"column":27},"end":{"line":212,"column":39}},"loc":{"start":{"line":212,"column":39},"end":{"line":224,"column":null}},"line":212},"14":{"name":"(anonymous_14)","decl":{"start":{"line":236,"column":25},"end":{"line":236,"column":31}},"loc":{"start":{"line":236,"column":31},"end":{"line":240,"column":null}},"line":236},"15":{"name":"(anonymous_15)","decl":{"start":{"line":247,"column":25},"end":{"line":247,"column":31}},"loc":{"start":{"line":247,"column":31},"end":{"line":251,"column":null}},"line":247},"16":{"name":"(anonymous_16)","decl":{"start":{"line":262,"column":30},"end":{"line":262,"column":31}},"loc":{"start":{"line":263,"column":16},"end":{"line":275,"column":null}},"line":263},"17":{"name":"(anonymous_17)","decl":{"start":{"line":269,"column":27},"end":{"line":269,"column":33}},"loc":{"start":{"line":269,"column":33},"end":{"line":269,"column":null}},"line":269}},"branchMap":{"0":{"loc":{"start":{"line":55,"column":18},"end":{"line":55,"column":31}},"type":"binary-expr","locations":[{"start":{"line":55,"column":18},"end":{"line":55,"column":27}},{"start":{"line":55,"column":27},"end":{"line":55,"column":31}}],"line":55},"1":{"loc":{"start":{"line":63,"column":4},"end":{"line":63,"column":null}},"type":"if","locations":[{"start":{"line":63,"column":4},"end":{"line":63,"column":null}},{"start":{},"end":{}}],"line":63},"2":{"loc":{"start":{"line":63,"column":8},"end":{"line":63,"column":30}},"type":"binary-expr","locations":[{"start":{"line":63,"column":8},"end":{"line":63,"column":20}},{"start":{"line":63,"column":20},"end":{"line":63,"column":30}}],"line":63},"3":{"loc":{"start":{"line":70,"column":4},"end":{"line":70,"column":null}},"type":"if","locations":[{"start":{"line":70,"column":4},"end":{"line":70,"column":null}},{"start":{},"end":{}}],"line":70},"4":{"loc":{"start":{"line":70,"column":8},"end":{"line":70,"column":56}},"type":"binary-expr","locations":[{"start":{"line":70,"column":8},"end":{"line":70,"column":32}},{"start":{"line":70,"column":32},"end":{"line":70,"column":45}},{"start":{"line":70,"column":45},"end":{"line":70,"column":56}}],"line":70},"5":{"loc":{"start":{"line":72,"column":4},"end":{"line":74,"column":null}},"type":"if","locations":[{"start":{"line":72,"column":4},"end":{"line":74,"column":null}},{"start":{},"end":{}}],"line":72},"6":{"loc":{"start":{"line":79,"column":34},"end":{"line":79,"column":59}},"type":"binary-expr","locations":[{"start":{"line":79,"column":34},"end":{"line":79,"column":58}},{"start":{"line":79,"column":58},"end":{"line":79,"column":59}}],"line":79},"7":{"loc":{"start":{"line":81,"column":6},"end":{"line":81,"column":null}},"type":"if","locations":[{"start":{"line":81,"column":6},"end":{"line":81,"column":null}},{"start":{},"end":{}}],"line":81},"8":{"loc":{"start":{"line":83,"column":6},"end":{"line":93,"column":null}},"type":"if","locations":[{"start":{"line":83,"column":6},"end":{"line":93,"column":null}},{"start":{},"end":{}}],"line":83},"9":{"loc":{"start":{"line":99,"column":6},"end":{"line":101,"column":null}},"type":"if","locations":[{"start":{"line":99,"column":6},"end":{"line":101,"column":null}},{"start":{},"end":{}}],"line":99},"10":{"loc":{"start":{"line":108,"column":2},"end":{"line":108,"column":null}},"type":"if","locations":[{"start":{"line":108,"column":2},"end":{"line":108,"column":null}},{"start":{},"end":{}}],"line":108},"11":{"loc":{"start":{"line":109,"column":2},"end":{"line":109,"column":null}},"type":"if","locations":[{"start":{"line":109,"column":2},"end":{"line":109,"column":null}},{"start":{},"end":{}}],"line":109},"12":{"loc":{"start":{"line":125,"column":13},"end":{"line":148,"column":null}},"type":"binary-expr","locations":[{"start":{"line":125,"column":13},"end":{"line":125,"column":53}},{"start":{"line":125,"column":53},"end":{"line":125,"column":null}},{"start":{"line":126,"column":14},"end":{"line":148,"column":null}}],"line":125},"13":{"loc":{"start":{"line":138,"column":18},"end":{"line":138,"column":null}},"type":"if","locations":[{"start":{"line":138,"column":18},"end":{"line":138,"column":null}},{"start":{},"end":{}}],"line":138},"14":{"loc":{"start":{"line":152,"column":13},"end":{"line":188,"column":null}},"type":"binary-expr","locations":[{"start":{"line":152,"column":13},"end":{"line":152,"column":48}},{"start":{"line":152,"column":48},"end":{"line":152,"column":null}},{"start":{"line":153,"column":14},"end":{"line":188,"column":null}}],"line":152},"15":{"loc":{"start":{"line":159,"column":18},"end":{"line":159,"column":null}},"type":"if","locations":[{"start":{"line":159,"column":18},"end":{"line":159,"column":null}},{"start":{},"end":{}}],"line":159},"16":{"loc":{"start":{"line":159,"column":22},"end":{"line":159,"column":46}},"type":"binary-expr","locations":[{"start":{"line":159,"column":22},"end":{"line":159,"column":35}},{"start":{"line":159,"column":35},"end":{"line":159,"column":46}}],"line":159},"17":{"loc":{"start":{"line":163,"column":46},"end":{"line":163,"column":65}},"type":"binary-expr","locations":[{"start":{"line":163,"column":46},"end":{"line":163,"column":64}},{"start":{"line":163,"column":64},"end":{"line":163,"column":65}}],"line":163},"18":{"loc":{"start":{"line":165,"column":18},"end":{"line":165,"column":null}},"type":"if","locations":[{"start":{"line":165,"column":18},"end":{"line":165,"column":null}},{"start":{},"end":{}}],"line":165},"19":{"loc":{"start":{"line":167,"column":18},"end":{"line":177,"column":null}},"type":"if","locations":[{"start":{"line":167,"column":18},"end":{"line":177,"column":null}},{"start":{},"end":{}}],"line":167},"20":{"loc":{"start":{"line":192,"column":13},"end":{"line":228,"column":null}},"type":"binary-expr","locations":[{"start":{"line":192,"column":13},"end":{"line":192,"column":45}},{"start":{"line":192,"column":45},"end":{"line":192,"column":null}},{"start":{"line":193,"column":14},"end":{"line":228,"column":null}}],"line":192},"21":{"loc":{"start":{"line":204,"column":17},"end":{"line":207,"column":null}},"type":"binary-expr","locations":[{"start":{"line":204,"column":17},"end":{"line":204,"column":null}},{"start":{"line":205,"column":18},"end":{"line":207,"column":null}}],"line":204},"22":{"loc":{"start":{"line":217,"column":31},"end":{"line":217,"column":null}},"type":"binary-expr","locations":[{"start":{"line":217,"column":31},"end":{"line":217,"column":62}},{"start":{"line":217,"column":62},"end":{"line":217,"column":null}}],"line":217},"23":{"loc":{"start":{"line":237,"column":18},"end":{"line":239,"column":null}},"type":"if","locations":[{"start":{"line":237,"column":18},"end":{"line":239,"column":null}},{"start":{},"end":{}}],"line":237},"24":{"loc":{"start":{"line":248,"column":18},"end":{"line":250,"column":null}},"type":"if","locations":[{"start":{"line":248,"column":18},"end":{"line":250,"column":null}},{"start":{},"end":{}}],"line":248},"25":{"loc":{"start":{"line":265,"column":68},"end":{"line":267,"column":null}},"type":"cond-expr","locations":[{"start":{"line":266,"column":22},"end":{"line":266,"column":null}},{"start":{"line":267,"column":22},"end":{"line":267,"column":null}}],"line":265},"26":{"loc":{"start":{"line":272,"column":27},"end":{"line":272,"column":60}},"type":"cond-expr","locations":[{"start":{"line":272,"column":48},"end":{"line":272,"column":55}},{"start":{"line":272,"column":55},"end":{"line":272,"column":60}}],"line":272}},"s":{"0":39,"1":39,"2":39,"3":39,"4":39,"5":39,"6":39,"7":39,"8":39,"9":22,"10":39,"11":39,"12":39,"13":20,"14":20,"15":20,"16":18,"17":18,"18":22,"19":18,"20":1,"21":19,"22":20,"23":20,"24":39,"25":8,"26":0,"27":8,"28":0,"29":8,"30":2,"31":2,"32":2,"33":2,"34":0,"35":2,"36":2,"37":2,"38":39,"39":20,"40":20,"41":8,"42":39,"43":20,"44":19,"45":19,"46":17,"47":8,"48":8,"49":1,"50":1,"51":1,"52":3,"53":0,"54":3,"55":3,"56":3,"57":3,"58":2,"59":1,"60":1,"61":1,"62":1,"63":2,"64":2,"65":1,"66":1,"67":1,"68":1,"69":1,"70":1,"71":30,"72":1},"f":{"0":39,"1":22,"2":20,"3":20,"4":22,"5":8,"6":2,"7":20,"8":20,"9":8,"10":1,"11":3,"12":1,"13":2,"14":1,"15":1,"16":30,"17":1},"b":{"0":[18,1],"1":[20,0],"2":[20,20],"3":[0,8],"4":[8,8,8],"5":[0,8],"6":[2,0],"7":[0,2],"8":[2,0],"9":[8,12],"10":[20,19],"11":[2,17],"12":[17,8,8],"13":[1,0],"14":[39,4,4],"15":[0,3],"16":[3,3],"17":[3,2],"18":[2,1],"19":[1,0],"20":[39,5,5],"21":[5,5],"22":[2,0],"23":[1,0],"24":[1,0],"25":[17,13],"26":[17,13]},"meta":{"lastBranch":27,"lastFunction":18,"lastStatement":73,"seen":{"f:25:24:25:39":0,"s:26:29:26:Infinity":0,"s:27:8:27:Infinity":1,"s:29:8:29:Infinity":2,"s:30:8:30:Infinity":3,"s:31:8:31:Infinity":4,"s:33:26:33:Infinity":5,"s:34:34:34:Infinity":6,"s:35:28:35:Infinity":7,"s:38:23:38:Infinity":8,"f:38:44:38:45":1,"s:38:51:38:69":9,"s:39:22:39:Infinity":10,"s:40:18:40:Infinity":11,"s:45:2:64:Infinity":12,"f:45:12:45:18":2,"s:46:23:61:Infinity":13,"f:46:23:46:35":3,"s:47:6:60:Infinity":14,"s:48:23:48:Infinity":15,"s:50:8:50:Infinity":16,"s:52:22:54:Infinity":17,"f:53:10:53:11":4,"s:53:25:53:Infinity":18,"s:55:8:55:Infinity":19,"b:55:18:55:27:55:27:55:31":0,"s:57:8:57:Infinity":20,"s:59:8:59:Infinity":21,"b:63:4:63:Infinity:undefined:undefined:undefined:undefined":1,"s:63:4:63:Infinity":22,"b:63:8:63:20:63:20:63:30":2,"s:63:30:63:Infinity":23,"s:69:31:95:Infinity":24,"f:69:31:69:37":5,"b:70:4:70:Infinity:undefined:undefined:undefined:undefined":3,"s:70:4:70:Infinity":25,"b:70:8:70:32:70:32:70:45:70:45:70:56":4,"s:70:56:70:Infinity":26,"b:72:4:74:Infinity:undefined:undefined:undefined:undefined":5,"s:72:4:74:Infinity":27,"s:73:6:73:Infinity":28,"s:76:4:94:Infinity":29,"f:76:45:76:51":6,"s:77:21:77:Infinity":30,"s:78:22:78:Infinity":31,"s:79:23:79:Infinity":32,"b:79:34:79:58:79:58:79:59":6,"b:81:6:81:Infinity:undefined:undefined:undefined:undefined":7,"s:81:6:81:Infinity":33,"s:81:21:81:Infinity":34,"b:83:6:93:Infinity:undefined:undefined:undefined:undefined":8,"s:83:6:93:Infinity":35,"s:84:8:84:Infinity":36,"s:86:8:92:Infinity":37,"s:97:2:103:Infinity":38,"f:97:12:97:18":7,"s:98:4:102:Infinity":39,"f:98:11:98:17":8,"b:99:6:101:Infinity:undefined:undefined:undefined:undefined":9,"s:99:6:101:Infinity":40,"s:100:8:100:Infinity":41,"b:108:2:108:Infinity:undefined:undefined:undefined:undefined":10,"s:108:2:108:Infinity":42,"s:108:15:108:Infinity":43,"b:109:2:109:Infinity:undefined:undefined:undefined:undefined":11,"s:109:2:109:Infinity":44,"s:109:15:109:Infinity":45,"s:114:2:281:Infinity":46,"b:125:13:125:53:125:53:125:Infinity:126:14:148:Infinity":12,"f:133:25:133:26":9,"s:134:18:134:Infinity":47,"s:135:18:135:Infinity":48,"f:137:23:137:29":10,"b:138:18:138:Infinity:undefined:undefined:undefined:undefined":13,"s:138:18:138:Infinity":49,"s:138:43:138:Infinity":50,"s:140:18:146:Infinity":51,"b:152:13:152:48:152:48:152:Infinity:153:14:188:Infinity":14,"f:158:30:158:31":11,"b:159:18:159:Infinity:undefined:undefined:undefined:undefined":15,"s:159:18:159:Infinity":52,"b:159:22:159:35:159:35:159:46":16,"s:159:46:159:Infinity":53,"s:161:32:161:Infinity":54,"s:162:34:162:Infinity":55,"s:163:35:163:Infinity":56,"b:163:46:163:64:163:64:163:65":17,"b:165:18:165:Infinity:undefined:undefined:undefined:undefined":18,"s:165:18:165:Infinity":57,"s:165:33:165:Infinity":58,"b:167:18:177:Infinity:undefined:undefined:undefined:undefined":19,"s:167:18:177:Infinity":59,"s:168:20:168:Infinity":60,"s:170:20:176:Infinity":61,"f:179:25:179:31":12,"s:180:18:186:Infinity":62,"b:192:13:192:45:192:45:192:Infinity:193:14:228:Infinity":20,"b:204:17:204:Infinity:205:18:207:Infinity":21,"f:212:27:212:39":13,"s:213:20:223:Infinity":63,"s:214:22:219:Infinity":64,"b:217:31:217:62:217:62:217:Infinity":22,"s:220:22:220:Infinity":65,"s:222:22:222:Infinity":66,"f:236:25:236:31":14,"b:237:18:239:Infinity:undefined:undefined:undefined:undefined":23,"s:237:18:239:Infinity":67,"s:238:20:238:Infinity":68,"f:247:25:247:31":15,"b:248:18:250:Infinity:undefined:undefined:undefined:undefined":24,"s:248:18:250:Infinity":69,"s:249:20:249:Infinity":70,"f:262:30:262:31":16,"s:263:16:275:Infinity":71,"b:266:22:266:Infinity:267:22:267:Infinity":25,"f:269:27:269:33":17,"s:269:33:269:Infinity":72,"b:272:48:272:55:272:55:272:60":26}}}
}
